{
  "C:/RSSchool/react/src/pages/ErrorPage.tsx": {
    "path": "C:/RSSchool/react/src/pages/ErrorPage.tsx",
    "statementMap": {
      "0": {
        "start": {
          "line": 5,
          "column": 0
        },
        "end": {
          "line": 15,
          "column": 1
        }
      },
      "1": {
        "start": {
          "line": 6,
          "column": 2
        },
        "end": {
          "line": 8,
          "column": 3
        }
      },
      "2": {
        "start": {
          "line": 7,
          "column": 4
        },
        "end": {
          "line": 7,
          "column": 165
        }
      },
      "3": {
        "start": {
          "line": 9,
          "column": 2
        },
        "end": {
          "line": 9,
          "column": 39
        }
      },
      "4": {
        "start": {
          "line": 10,
          "column": 2
        },
        "end": {
          "line": 10,
          "column": 39
        }
      },
      "5": {
        "start": {
          "line": 11,
          "column": 2
        },
        "end": {
          "line": 13,
          "column": 4
        }
      },
      "6": {
        "start": {
          "line": 12,
          "column": 4
        },
        "end": {
          "line": 12,
          "column": 85
        }
      },
      "7": {
        "start": {
          "line": 14,
          "column": 2
        },
        "end": {
          "line": 14,
          "column": 75
        }
      },
      "8": {
        "start": {
          "line": 18,
          "column": 2
        },
        "end": {
          "line": 37,
          "column": 11
        }
      },
      "9": {
        "start": {
          "line": 39,
          "column": 0
        },
        "end": {
          "line": 39,
          "column": 15
        }
      },
      "10": {
        "start": {
          "line": 42,
          "column": 0
        },
        "end": {
          "line": 42,
          "column": 30
        }
      },
      "11": {
        "start": {
          "line": 43,
          "column": 0
        },
        "end": {
          "line": 59,
          "column": 1
        }
      },
      "12": {
        "start": {
          "line": 44,
          "column": 2
        },
        "end": {
          "line": 44,
          "column": 39
        }
      },
      "13": {
        "start": {
          "line": 45,
          "column": 2
        },
        "end": {
          "line": 45,
          "column": 39
        }
      },
      "14": {
        "start": {
          "line": 46,
          "column": 2
        },
        "end": {
          "line": 58,
          "column": 5
        }
      },
      "15": {
        "start": {
          "line": 50,
          "column": 4
        },
        "end": {
          "line": 50,
          "column": 111
        }
      },
      "16": {
        "start": {
          "line": 51,
          "column": 4
        },
        "end": {
          "line": 57,
          "column": 7
        }
      },
      "17": {
        "start": {
          "line": 52,
          "column": 6
        },
        "end": {
          "line": 53,
          "column": 15
        }
      },
      "18": {
        "start": {
          "line": 53,
          "column": 8
        },
        "end": {
          "line": 53,
          "column": 15
        }
      },
      "19": {
        "start": {
          "line": 54,
          "column": 32
        },
        "end": {
          "line": 54,
          "column": 115
        }
      },
      "20": {
        "start": {
          "line": 55,
          "column": 6
        },
        "end": {
          "line": 56,
          "column": 54
        }
      },
      "21": {
        "start": {
          "line": 56,
          "column": 8
        },
        "end": {
          "line": 56,
          "column": 54
        }
      }
    },
    "fnMap": {
      "0": {
        "name": "(anonymous_0)",
        "decl": {
          "start": {
            "line": 11,
            "column": 24
          },
          "end": {
            "line": 11,
            "column": 25
          }
        },
        "loc": {
          "start": {
            "line": 11,
            "column": 38
          },
          "end": {
            "line": 13,
            "column": 3
          }
        },
        "line": 11
      },
      "1": {
        "name": "ErrorPage",
        "decl": {
          "start": {
            "line": 17,
            "column": 9
          },
          "end": {
            "line": 17,
            "column": 18
          }
        },
        "loc": {
          "start": {
            "line": 17,
            "column": 21
          },
          "end": {
            "line": 38,
            "column": 1
          }
        },
        "line": 17
      },
      "2": {
        "name": "(anonymous_2)",
        "decl": {
          "start": {
            "line": 49,
            "column": 9
          },
          "end": {
            "line": 49,
            "column": 10
          }
        },
        "loc": {
          "start": {
            "line": 49,
            "column": 29
          },
          "end": {
            "line": 58,
            "column": 3
          }
        },
        "line": 49
      },
      "3": {
        "name": "(anonymous_3)",
        "decl": {
          "start": {
            "line": 51,
            "column": 27
          },
          "end": {
            "line": 51,
            "column": 28
          }
        },
        "loc": {
          "start": {
            "line": 51,
            "column": 44
          },
          "end": {
            "line": 57,
            "column": 5
          }
        },
        "line": 51
      }
    },
    "branchMap": {
      "0": {
        "loc": {
          "start": {
            "line": 5,
            "column": 0
          },
          "end": {
            "line": 15,
            "column": 1
          }
        },
        "type": "if",
        "locations": [
          {
            "start": {
              "line": 5,
              "column": 0
            },
            "end": {
              "line": 15,
              "column": 1
            }
          },
          {
            "start": {},
            "end": {}
          }
        ],
        "line": 5
      },
      "1": {
        "loc": {
          "start": {
            "line": 6,
            "column": 2
          },
          "end": {
            "line": 8,
            "column": 3
          }
        },
        "type": "if",
        "locations": [
          {
            "start": {
              "line": 6,
              "column": 2
            },
            "end": {
              "line": 8,
              "column": 3
            }
          },
          {
            "start": {},
            "end": {}
          }
        ],
        "line": 6
      },
      "2": {
        "loc": {
          "start": {
            "line": 43,
            "column": 0
          },
          "end": {
            "line": 59,
            "column": 1
          }
        },
        "type": "if",
        "locations": [
          {
            "start": {
              "line": 43,
              "column": 0
            },
            "end": {
              "line": 59,
              "column": 1
            }
          },
          {
            "start": {},
            "end": {}
          }
        ],
        "line": 43
      },
      "3": {
        "loc": {
          "start": {
            "line": 52,
            "column": 6
          },
          "end": {
            "line": 53,
            "column": 15
          }
        },
        "type": "if",
        "locations": [
          {
            "start": {
              "line": 52,
              "column": 6
            },
            "end": {
              "line": 53,
              "column": 15
            }
          },
          {
            "start": {},
            "end": {}
          }
        ],
        "line": 52
      },
      "4": {
        "loc": {
          "start": {
            "line": 55,
            "column": 6
          },
          "end": {
            "line": 56,
            "column": 54
          }
        },
        "type": "if",
        "locations": [
          {
            "start": {
              "line": 55,
              "column": 6
            },
            "end": {
              "line": 56,
              "column": 54
            }
          },
          {
            "start": {},
            "end": {}
          }
        ],
        "line": 55
      }
    },
    "s": {
      "0": 4,
      "1": 4,
      "2": 0,
      "3": 4,
      "4": 4,
      "5": 4,
      "6": 4,
      "7": 4,
      "8": 0,
      "9": 4,
      "10": 4,
      "11": 4,
      "12": 4,
      "13": 4,
      "14": 4,
      "15": 0,
      "16": 0,
      "17": 0,
      "18": 0,
      "19": 0,
      "20": 0,
      "21": 0
    },
    "f": {
      "0": 4,
      "1": 0,
      "2": 0,
      "3": 0
    },
    "b": {
      "0": [4, 0],
      "1": [0, 4],
      "2": [4, 0],
      "3": [0, 0],
      "4": [0, 0]
    },
    "inputSourceMap": {
      "version": 3,
      "mappings": "AAKI,mBAEI,cAFJ;AALJ,OAAOA,oBAAkB;AAAA;AAAA;AAAA;AAAA;AAAA;AAAA;AAAA;AAAA;AAAA;AAAA;AAAA;AAAA;AAAA;AACzB,SAASC,YAAY;AAErB,SAASC,YAAY;AACnB,SACE,mCACE,iCAAC,SAAI,WAAU,cACb;AAAA,2BAAC,OAAE,WAAU,oBAAmB,uBAAhC;AAAA;AAAA;AAAA;AAAA,WAAuC;AAAA,IACvC,uBAAC,QAAK,WAAU,gBAAe,IAAG,KAAI,mCAAtC;AAAA;AAAA;AAAA;AAAA,WAEA;AAAA,OAJF;AAAA;AAAA;AAAA;AAAA,SAKA,KANF;AAAA;AAAA;AAAA;AAAA,SAOA;AAEJ;AAACC,KAXQD;AAaT,eAAeA;AAAU;AAAAE",
      "names": ["React", "Link", "ErrorPage", "_c", "$RefreshReg$"],
      "sources": ["C:/RSSchool/react/src/pages/ErrorPage.tsx"],
      "file": "C:/RSSchool/react/src/pages/ErrorPage.tsx"
    },
    "_coverageSchema": "1a1c01bbd47fc00a2c39e90264f33305004495a9",
    "hash": "9109da276848155cf936097faeb5fbdb095ba1ee"
  },
  "C:/RSSchool/react/src/hooks/useTypeDispatch.ts": {
    "path": "C:/RSSchool/react/src/hooks/useTypeDispatch.ts",
    "statementMap": {
      "0": {
        "start": {
          "line": 2,
          "column": 31
        },
        "end": {
          "line": 2,
          "column": 50
        }
      },
      "1": {
        "start": {
          "line": 2,
          "column": 37
        },
        "end": {
          "line": 2,
          "column": 50
        }
      }
    },
    "fnMap": {
      "0": {
        "name": "(anonymous_0)",
        "decl": {
          "start": {
            "line": 2,
            "column": 31
          },
          "end": {
            "line": 2,
            "column": 32
          }
        },
        "loc": {
          "start": {
            "line": 2,
            "column": 37
          },
          "end": {
            "line": 2,
            "column": 50
          }
        },
        "line": 2
      }
    },
    "branchMap": {},
    "s": {
      "0": 4,
      "1": 88
    },
    "f": {
      "0": 88
    },
    "b": {},
    "inputSourceMap": {
      "version": 3,
      "sources": ["C:/RSSchool/react/src/hooks/useTypeDispatch.ts"],
      "mappings": "AAAA,SAAS,mBAAmB;AAGrB,aAAM,kBAAkB,MAAM,YAAyB;",
      "names": []
    },
    "_coverageSchema": "1a1c01bbd47fc00a2c39e90264f33305004495a9",
    "hash": "c3b1678ab258f7d156af9a325a1b47ca07409726"
  },
  "C:/RSSchool/react/src/store/reducers/modal.reducer.ts": {
    "path": "C:/RSSchool/react/src/store/reducers/modal.reducer.ts",
    "statementMap": {
      "0": {
        "start": {
          "line": 2,
          "column": 21
        },
        "end": {
          "line": 5,
          "column": 1
        }
      },
      "1": {
        "start": {
          "line": 6,
          "column": 28
        },
        "end": {
          "line": 20,
          "column": 2
        }
      },
      "2": {
        "start": {
          "line": 11,
          "column": 6
        },
        "end": {
          "line": 11,
          "column": 24
        }
      },
      "3": {
        "start": {
          "line": 14,
          "column": 6
        },
        "end": {
          "line": 14,
          "column": 25
        }
      },
      "4": {
        "start": {
          "line": 17,
          "column": 6
        },
        "end": {
          "line": 17,
          "column": 32
        }
      }
    },
    "fnMap": {
      "0": {
        "name": "(anonymous_0)",
        "decl": {
          "start": {
            "line": 10,
            "column": 4
          },
          "end": {
            "line": 10,
            "column": 5
          }
        },
        "loc": {
          "start": {
            "line": 10,
            "column": 21
          },
          "end": {
            "line": 12,
            "column": 5
          }
        },
        "line": 10
      },
      "1": {
        "name": "(anonymous_1)",
        "decl": {
          "start": {
            "line": 13,
            "column": 4
          },
          "end": {
            "line": 13,
            "column": 5
          }
        },
        "loc": {
          "start": {
            "line": 13,
            "column": 21
          },
          "end": {
            "line": 15,
            "column": 5
          }
        },
        "line": 13
      },
      "2": {
        "name": "(anonymous_2)",
        "decl": {
          "start": {
            "line": 16,
            "column": 4
          },
          "end": {
            "line": 16,
            "column": 5
          }
        },
        "loc": {
          "start": {
            "line": 16,
            "column": 27
          },
          "end": {
            "line": 18,
            "column": 5
          }
        },
        "line": 16
      }
    },
    "branchMap": {},
    "s": {
      "0": 4,
      "1": 4,
      "2": 0,
      "3": 0,
      "4": 0
    },
    "f": {
      "0": 0,
      "1": 0,
      "2": 0
    },
    "b": {},
    "inputSourceMap": {
      "version": 3,
      "sources": ["C:/RSSchool/react/src/store/reducers/modal.reducer.ts"],
      "mappings": "AAAA,SAAS,mBAAmB;AAO5B,MAAM,eAA2B;AAAA,EAC/B,MAAM;AAAA,EACN,IAAI;AACN;AAEO,aAAM,eAAe,YAAY;AAAA,EACtC,MAAM;AAAA,EACN;AAAA,EACA,UAAU;AAAA,IACR,UAAU,OAAO;AACf,YAAM,OAAO;AAAA,IACf;AAAA,IACA,UAAU,OAAO;AACf,YAAM,OAAO;AAAA,IACf;AAAA,IACA,QAAQ,OAAO,QAAQ;AACrB,YAAM,KAAK,OAAO;AAAA,IACpB;AAAA,EACF;AACF,CAAC;AAED,eAAe,aAAa;",
      "names": []
    },
    "_coverageSchema": "1a1c01bbd47fc00a2c39e90264f33305004495a9",
    "hash": "534be262a274a743eb6eb432b7a1aafcf35c1e69"
  },
  "C:/RSSchool/react/src/components/CardsItem.tsx": {
    "path": "C:/RSSchool/react/src/components/CardsItem.tsx",
    "statementMap": {
      "0": {
        "start": {
          "line": 5,
          "column": 0
        },
        "end": {
          "line": 15,
          "column": 1
        }
      },
      "1": {
        "start": {
          "line": 6,
          "column": 2
        },
        "end": {
          "line": 8,
          "column": 3
        }
      },
      "2": {
        "start": {
          "line": 7,
          "column": 4
        },
        "end": {
          "line": 7,
          "column": 165
        }
      },
      "3": {
        "start": {
          "line": 9,
          "column": 2
        },
        "end": {
          "line": 9,
          "column": 39
        }
      },
      "4": {
        "start": {
          "line": 10,
          "column": 2
        },
        "end": {
          "line": 10,
          "column": 39
        }
      },
      "5": {
        "start": {
          "line": 11,
          "column": 2
        },
        "end": {
          "line": 13,
          "column": 4
        }
      },
      "6": {
        "start": {
          "line": 12,
          "column": 4
        },
        "end": {
          "line": 12,
          "column": 90
        }
      },
      "7": {
        "start": {
          "line": 14,
          "column": 2
        },
        "end": {
          "line": 14,
          "column": 75
        }
      },
      "8": {
        "start": {
          "line": 16,
          "column": 9
        },
        "end": {
          "line": 16,
          "column": 23
        }
      },
      "9": {
        "start": {
          "line": 20,
          "column": 2
        },
        "end": {
          "line": 20,
          "column": 7
        }
      },
      "10": {
        "start": {
          "line": 21,
          "column": 19
        },
        "end": {
          "line": 21,
          "column": 36
        }
      },
      "11": {
        "start": {
          "line": 25,
          "column": 6
        },
        "end": {
          "line": 25,
          "column": 26
        }
      },
      "12": {
        "start": {
          "line": 26,
          "column": 2
        },
        "end": {
          "line": 48,
          "column": 11
        }
      },
      "13": {
        "start": {
          "line": 27,
          "column": 4
        },
        "end": {
          "line": 27,
          "column": 42
        }
      },
      "14": {
        "start": {
          "line": 28,
          "column": 4
        },
        "end": {
          "line": 28,
          "column": 26
        }
      },
      "15": {
        "start": {
          "line": 50,
          "column": 0
        },
        "end": {
          "line": 52,
          "column": 3
        }
      },
      "16": {
        "start": {
          "line": 51,
          "column": 2
        },
        "end": {
          "line": 51,
          "column": 27
        }
      },
      "17": {
        "start": {
          "line": 53,
          "column": 0
        },
        "end": {
          "line": 53,
          "column": 14
        }
      },
      "18": {
        "start": {
          "line": 56,
          "column": 0
        },
        "end": {
          "line": 56,
          "column": 29
        }
      },
      "19": {
        "start": {
          "line": 57,
          "column": 0
        },
        "end": {
          "line": 73,
          "column": 1
        }
      },
      "20": {
        "start": {
          "line": 58,
          "column": 2
        },
        "end": {
          "line": 58,
          "column": 39
        }
      },
      "21": {
        "start": {
          "line": 59,
          "column": 2
        },
        "end": {
          "line": 59,
          "column": 39
        }
      },
      "22": {
        "start": {
          "line": 60,
          "column": 2
        },
        "end": {
          "line": 72,
          "column": 5
        }
      },
      "23": {
        "start": {
          "line": 64,
          "column": 4
        },
        "end": {
          "line": 64,
          "column": 116
        }
      },
      "24": {
        "start": {
          "line": 65,
          "column": 4
        },
        "end": {
          "line": 71,
          "column": 7
        }
      },
      "25": {
        "start": {
          "line": 66,
          "column": 6
        },
        "end": {
          "line": 67,
          "column": 15
        }
      },
      "26": {
        "start": {
          "line": 67,
          "column": 8
        },
        "end": {
          "line": 67,
          "column": 15
        }
      },
      "27": {
        "start": {
          "line": 68,
          "column": 32
        },
        "end": {
          "line": 68,
          "column": 115
        }
      },
      "28": {
        "start": {
          "line": 69,
          "column": 6
        },
        "end": {
          "line": 70,
          "column": 54
        }
      },
      "29": {
        "start": {
          "line": 70,
          "column": 8
        },
        "end": {
          "line": 70,
          "column": 54
        }
      }
    },
    "fnMap": {
      "0": {
        "name": "(anonymous_0)",
        "decl": {
          "start": {
            "line": 11,
            "column": 24
          },
          "end": {
            "line": 11,
            "column": 25
          }
        },
        "loc": {
          "start": {
            "line": 11,
            "column": 38
          },
          "end": {
            "line": 13,
            "column": 3
          }
        },
        "line": 11
      },
      "1": {
        "name": "CardItem",
        "decl": {
          "start": {
            "line": 19,
            "column": 9
          },
          "end": {
            "line": 19,
            "column": 17
          }
        },
        "loc": {
          "start": {
            "line": 19,
            "column": 25
          },
          "end": {
            "line": 49,
            "column": 1
          }
        },
        "line": 19
      },
      "2": {
        "name": "(anonymous_2)",
        "decl": {
          "start": {
            "line": 26,
            "column": 137
          },
          "end": {
            "line": 26,
            "column": 138
          }
        },
        "loc": {
          "start": {
            "line": 26,
            "column": 143
          },
          "end": {
            "line": 29,
            "column": 3
          }
        },
        "line": 26
      },
      "3": {
        "name": "(anonymous_3)",
        "decl": {
          "start": {
            "line": 50,
            "column": 52
          },
          "end": {
            "line": 50,
            "column": 53
          }
        },
        "loc": {
          "start": {
            "line": 50,
            "column": 63
          },
          "end": {
            "line": 52,
            "column": 1
          }
        },
        "line": 50
      },
      "4": {
        "name": "(anonymous_4)",
        "decl": {
          "start": {
            "line": 63,
            "column": 9
          },
          "end": {
            "line": 63,
            "column": 10
          }
        },
        "loc": {
          "start": {
            "line": 63,
            "column": 29
          },
          "end": {
            "line": 72,
            "column": 3
          }
        },
        "line": 63
      },
      "5": {
        "name": "(anonymous_5)",
        "decl": {
          "start": {
            "line": 65,
            "column": 27
          },
          "end": {
            "line": 65,
            "column": 28
          }
        },
        "loc": {
          "start": {
            "line": 65,
            "column": 44
          },
          "end": {
            "line": 71,
            "column": 5
          }
        },
        "line": 65
      }
    },
    "branchMap": {
      "0": {
        "loc": {
          "start": {
            "line": 5,
            "column": 0
          },
          "end": {
            "line": 15,
            "column": 1
          }
        },
        "type": "if",
        "locations": [
          {
            "start": {
              "line": 5,
              "column": 0
            },
            "end": {
              "line": 15,
              "column": 1
            }
          },
          {
            "start": {},
            "end": {}
          }
        ],
        "line": 5
      },
      "1": {
        "loc": {
          "start": {
            "line": 6,
            "column": 2
          },
          "end": {
            "line": 8,
            "column": 3
          }
        },
        "type": "if",
        "locations": [
          {
            "start": {
              "line": 6,
              "column": 2
            },
            "end": {
              "line": 8,
              "column": 3
            }
          },
          {
            "start": {},
            "end": {}
          }
        ],
        "line": 6
      },
      "2": {
        "loc": {
          "start": {
            "line": 57,
            "column": 0
          },
          "end": {
            "line": 73,
            "column": 1
          }
        },
        "type": "if",
        "locations": [
          {
            "start": {
              "line": 57,
              "column": 0
            },
            "end": {
              "line": 73,
              "column": 1
            }
          },
          {
            "start": {},
            "end": {}
          }
        ],
        "line": 57
      },
      "3": {
        "loc": {
          "start": {
            "line": 66,
            "column": 6
          },
          "end": {
            "line": 67,
            "column": 15
          }
        },
        "type": "if",
        "locations": [
          {
            "start": {
              "line": 66,
              "column": 6
            },
            "end": {
              "line": 67,
              "column": 15
            }
          },
          {
            "start": {},
            "end": {}
          }
        ],
        "line": 66
      },
      "4": {
        "loc": {
          "start": {
            "line": 69,
            "column": 6
          },
          "end": {
            "line": 70,
            "column": 54
          }
        },
        "type": "if",
        "locations": [
          {
            "start": {
              "line": 69,
              "column": 6
            },
            "end": {
              "line": 70,
              "column": 54
            }
          },
          {
            "start": {},
            "end": {}
          }
        ],
        "line": 69
      }
    },
    "s": {
      "0": 4,
      "1": 4,
      "2": 0,
      "3": 4,
      "4": 4,
      "5": 4,
      "6": 4,
      "7": 4,
      "8": 4,
      "9": 80,
      "10": 80,
      "11": 80,
      "12": 80,
      "13": 0,
      "14": 0,
      "15": 4,
      "16": 4,
      "17": 4,
      "18": 4,
      "19": 4,
      "20": 4,
      "21": 4,
      "22": 4,
      "23": 0,
      "24": 0,
      "25": 0,
      "26": 0,
      "27": 0,
      "28": 0,
      "29": 0
    },
    "f": {
      "0": 4,
      "1": 80,
      "2": 0,
      "3": 4,
      "4": 0,
      "5": 0
    },
    "b": {
      "0": [4, 0],
      "1": [0, 4],
      "2": [4, 0],
      "3": [0, 0],
      "4": [0, 0]
    },
    "inputSourceMap": {
      "version": 3,
      "mappings": "AAcI,mBASI,cATJ;;;;;;;;;;;;;;;;AAZJ,SAASA,uBAAuB;AAChC,SAASC,oBAAoB;AAM7B,SAASC,SAASC,OAAkB;AAAAC;AAClC,QAAMC,WAAWL,gBAAe;AAChC,QAAM;AAAA,IAAEM;AAAAA,IAASC;AAAAA,EAAU,IAAIN,aAAaO;AAE5C,SACE,mCACE,iCAAC,SACC,WAAU,QACV,eAAY,QACZ,SAAS,MAAM;AACbH,aAASC,QAAQH,MAAMM,UAAUC,EAAE,CAAC;AACpCL,aAASE,UAAS,CAAE;AAAA,EACtB,GAEA;AAAA,2BAAC,SAAI,WAAU,eAAc,KAAKJ,MAAMM,UAAUE,OAAO,KAAKR,MAAMM,UAAUG,QAA9E;AAAA;AAAA;AAAA;AAAA,WAAmF;AAAA,IACnF,uBAAC,QAAG,WAAU,eAAeT,gBAAMM,UAAUG,QAA7C;AAAA;AAAA;AAAA;AAAA,WAAkD;AAAA,OATpD;AAAA;AAAA;AAAA;AAAA,SAUA,KAXF;AAAA;AAAA;AAAA;AAAA,SAYA;AAEJ;AAACR,GAnBQF,UAAQ;AAAA,UACEF,eAAe;AAAA;AAAAa,KADzBX;AAqBT,eAAeA;AAAS;AAAAY",
      "names": [
        "useTypeDispatch",
        "modalReducer",
        "CardItem",
        "props",
        "_s",
        "dispatch",
        "idModal",
        "showModal",
        "actions",
        "character",
        "id",
        "image",
        "name",
        "_c",
        "$RefreshReg$"
      ],
      "sources": ["C:/RSSchool/react/src/components/CardsItem.tsx"],
      "file": "C:/RSSchool/react/src/components/CardsItem.tsx"
    },
    "_coverageSchema": "1a1c01bbd47fc00a2c39e90264f33305004495a9",
    "hash": "ca087db807320da59c23714d32381b21ae3e2d4b"
  },
  "C:/RSSchool/react/src/store/reducers/cards.reducer.ts": {
    "path": "C:/RSSchool/react/src/store/reducers/cards.reducer.ts",
    "statementMap": {
      "0": {
        "start": {
          "line": 2,
          "column": 21
        },
        "end": {
          "line": 8,
          "column": 1
        }
      },
      "1": {
        "start": {
          "line": 9,
          "column": 26
        },
        "end": {
          "line": 19,
          "column": 2
        }
      },
      "2": {
        "start": {
          "line": 10,
          "column": 2
        },
        "end": {
          "line": 18,
          "column": 3
        }
      },
      "3": {
        "start": {
          "line": 11,
          "column": 21
        },
        "end": {
          "line": 11,
          "column": 93
        }
      },
      "4": {
        "start": {
          "line": 12,
          "column": 4
        },
        "end": {
          "line": 13,
          "column": 31
        }
      },
      "5": {
        "start": {
          "line": 13,
          "column": 6
        },
        "end": {
          "line": 13,
          "column": 31
        }
      },
      "6": {
        "start": {
          "line": 14,
          "column": 17
        },
        "end": {
          "line": 14,
          "column": 38
        }
      },
      "7": {
        "start": {
          "line": 15,
          "column": 4
        },
        "end": {
          "line": 15,
          "column": 16
        }
      },
      "8": {
        "start": {
          "line": 17,
          "column": 4
        },
        "end": {
          "line": 17,
          "column": 34
        }
      },
      "9": {
        "start": {
          "line": 20,
          "column": 23
        },
        "end": {
          "line": 30,
          "column": 2
        }
      },
      "10": {
        "start": {
          "line": 21,
          "column": 2
        },
        "end": {
          "line": 29,
          "column": 3
        }
      },
      "11": {
        "start": {
          "line": 22,
          "column": 21
        },
        "end": {
          "line": 22,
          "column": 83
        }
      },
      "12": {
        "start": {
          "line": 23,
          "column": 4
        },
        "end": {
          "line": 24,
          "column": 31
        }
      },
      "13": {
        "start": {
          "line": 24,
          "column": 6
        },
        "end": {
          "line": 24,
          "column": 31
        }
      },
      "14": {
        "start": {
          "line": 25,
          "column": 17
        },
        "end": {
          "line": 25,
          "column": 38
        }
      },
      "15": {
        "start": {
          "line": 26,
          "column": 4
        },
        "end": {
          "line": 26,
          "column": 16
        }
      },
      "16": {
        "start": {
          "line": 28,
          "column": 4
        },
        "end": {
          "line": 28,
          "column": 34
        }
      },
      "17": {
        "start": {
          "line": 31,
          "column": 28
        },
        "end": {
          "line": 56,
          "column": 2
        }
      },
      "18": {
        "start": {
          "line": 36,
          "column": 6
        },
        "end": {
          "line": 36,
          "column": 36
        }
      },
      "19": {
        "start": {
          "line": 40,
          "column": 4
        },
        "end": {
          "line": 54,
          "column": 7
        }
      },
      "20": {
        "start": {
          "line": 41,
          "column": 6
        },
        "end": {
          "line": 41,
          "column": 29
        }
      },
      "21": {
        "start": {
          "line": 43,
          "column": 6
        },
        "end": {
          "line": 43,
          "column": 30
        }
      },
      "22": {
        "start": {
          "line": 44,
          "column": 6
        },
        "end": {
          "line": 44,
          "column": 35
        }
      },
      "23": {
        "start": {
          "line": 46,
          "column": 6
        },
        "end": {
          "line": 46,
          "column": 37
        }
      },
      "24": {
        "start": {
          "line": 48,
          "column": 6
        },
        "end": {
          "line": 48,
          "column": 29
        }
      },
      "25": {
        "start": {
          "line": 50,
          "column": 6
        },
        "end": {
          "line": 50,
          "column": 30
        }
      },
      "26": {
        "start": {
          "line": 51,
          "column": 6
        },
        "end": {
          "line": 51,
          "column": 34
        }
      },
      "27": {
        "start": {
          "line": 53,
          "column": 6
        },
        "end": {
          "line": 53,
          "column": 37
        }
      }
    },
    "fnMap": {
      "0": {
        "name": "(anonymous_0)",
        "decl": {
          "start": {
            "line": 9,
            "column": 52
          },
          "end": {
            "line": 9,
            "column": 53
          }
        },
        "loc": {
          "start": {
            "line": 9,
            "column": 91
          },
          "end": {
            "line": 19,
            "column": 1
          }
        },
        "line": 9
      },
      "1": {
        "name": "(anonymous_1)",
        "decl": {
          "start": {
            "line": 20,
            "column": 46
          },
          "end": {
            "line": 20,
            "column": 47
          }
        },
        "loc": {
          "start": {
            "line": 20,
            "column": 81
          },
          "end": {
            "line": 30,
            "column": 1
          }
        },
        "line": 20
      },
      "2": {
        "name": "(anonymous_2)",
        "decl": {
          "start": {
            "line": 35,
            "column": 4
          },
          "end": {
            "line": 35,
            "column": 5
          }
        },
        "loc": {
          "start": {
            "line": 35,
            "column": 29
          },
          "end": {
            "line": 37,
            "column": 5
          }
        },
        "line": 35
      },
      "3": {
        "name": "(anonymous_3)",
        "decl": {
          "start": {
            "line": 39,
            "column": 17
          },
          "end": {
            "line": 39,
            "column": 18
          }
        },
        "loc": {
          "start": {
            "line": 39,
            "column": 30
          },
          "end": {
            "line": 55,
            "column": 3
          }
        },
        "line": 39
      },
      "4": {
        "name": "(anonymous_4)",
        "decl": {
          "start": {
            "line": 40,
            "column": 40
          },
          "end": {
            "line": 40,
            "column": 41
          }
        },
        "loc": {
          "start": {
            "line": 40,
            "column": 51
          },
          "end": {
            "line": 42,
            "column": 5
          }
        },
        "line": 40
      },
      "5": {
        "name": "(anonymous_5)",
        "decl": {
          "start": {
            "line": 42,
            "column": 37
          },
          "end": {
            "line": 42,
            "column": 38
          }
        },
        "loc": {
          "start": {
            "line": 42,
            "column": 56
          },
          "end": {
            "line": 45,
            "column": 5
          }
        },
        "line": 42
      },
      "6": {
        "name": "(anonymous_6)",
        "decl": {
          "start": {
            "line": 45,
            "column": 36
          },
          "end": {
            "line": 45,
            "column": 37
          }
        },
        "loc": {
          "start": {
            "line": 45,
            "column": 55
          },
          "end": {
            "line": 47,
            "column": 5
          }
        },
        "line": 45
      },
      "7": {
        "name": "(anonymous_7)",
        "decl": {
          "start": {
            "line": 47,
            "column": 32
          },
          "end": {
            "line": 47,
            "column": 33
          }
        },
        "loc": {
          "start": {
            "line": 47,
            "column": 43
          },
          "end": {
            "line": 49,
            "column": 5
          }
        },
        "line": 47
      },
      "8": {
        "name": "(anonymous_8)",
        "decl": {
          "start": {
            "line": 49,
            "column": 34
          },
          "end": {
            "line": 49,
            "column": 35
          }
        },
        "loc": {
          "start": {
            "line": 49,
            "column": 53
          },
          "end": {
            "line": 52,
            "column": 5
          }
        },
        "line": 49
      },
      "9": {
        "name": "(anonymous_9)",
        "decl": {
          "start": {
            "line": 52,
            "column": 33
          },
          "end": {
            "line": 52,
            "column": 34
          }
        },
        "loc": {
          "start": {
            "line": 52,
            "column": 52
          },
          "end": {
            "line": 54,
            "column": 5
          }
        },
        "line": 52
      }
    },
    "branchMap": {
      "0": {
        "loc": {
          "start": {
            "line": 12,
            "column": 4
          },
          "end": {
            "line": 13,
            "column": 31
          }
        },
        "type": "if",
        "locations": [
          {
            "start": {
              "line": 12,
              "column": 4
            },
            "end": {
              "line": 13,
              "column": 31
            }
          },
          {
            "start": {},
            "end": {}
          }
        ],
        "line": 12
      },
      "1": {
        "loc": {
          "start": {
            "line": 23,
            "column": 4
          },
          "end": {
            "line": 24,
            "column": 31
          }
        },
        "type": "if",
        "locations": [
          {
            "start": {
              "line": 23,
              "column": 4
            },
            "end": {
              "line": 24,
              "column": 31
            }
          },
          {
            "start": {},
            "end": {}
          }
        ],
        "line": 23
      }
    },
    "s": {
      "0": 4,
      "1": 4,
      "2": 0,
      "3": 0,
      "4": 0,
      "5": 0,
      "6": 0,
      "7": 0,
      "8": 0,
      "9": 4,
      "10": 0,
      "11": 0,
      "12": 0,
      "13": 0,
      "14": 0,
      "15": 0,
      "16": 0,
      "17": 4,
      "18": 0,
      "19": 4,
      "20": 0,
      "21": 0,
      "22": 0,
      "23": 0,
      "24": 0,
      "25": 0,
      "26": 0,
      "27": 0
    },
    "f": {
      "0": 0,
      "1": 0,
      "2": 0,
      "3": 4,
      "4": 0,
      "5": 0,
      "6": 0,
      "7": 0,
      "8": 0,
      "9": 0
    },
    "b": {
      "0": [0, 0],
      "1": [0, 0]
    },
    "inputSourceMap": {
      "version": 3,
      "sources": ["C:/RSSchool/react/src/store/reducers/cards.reducer.ts"],
      "mappings": "AAAA,SAAS,kBAAkB,mBAAmB;AAW9C,MAAM,eAA2B;AAAA,EAC/B,OAAO;AAAA,EACP,MAAM;AAAA,EACN,QAAQ;AAAA,EACR,WAAW;AAAA,EACX,SAAS;AACX;AAEO,aAAM,aAAa,iBAAiB,SAAS,OAAO,QAAgB,EAAE,gBAAgB,MAAM;AACjG,MAAI;AACF,UAAM,WAAW,MAAM,MAAM,mDAAmD,QAAQ;AACxF,QAAI,CAAC,SAAS;AAAI,YAAM,IAAI,MAAM,OAAO;AACzC,UAAM,OAAO,MAAM,SAAS,KAAK;AACjC,WAAO;AAAA,EACT,SAAS,OAAP;AACA,WAAO,gBAAgB,KAAK;AAAA,EAC9B;AACF,CAAC;AAEM,aAAM,UAAU,iBAAiB,MAAM,OAAO,IAAY,EAAE,gBAAgB,MAAM;AACvF,MAAI;AACF,UAAM,WAAW,MAAM,MAAM,6CAA6C,IAAI;AAC9E,QAAI,CAAC,SAAS;AAAI,YAAM,IAAI,MAAM,OAAO;AACzC,UAAM,OAAO,MAAM,SAAS,KAAK;AACjC,WAAO;AAAA,EACT,SAAS,OAAP;AACA,WAAO,gBAAgB,KAAK;AAAA,EAC9B;AACF,CAAC;AAEM,aAAM,eAAe,YAAY;AAAA,EACtC,MAAM;AAAA,EACN;AAAA,EACA,UAAU;AAAA,IACR,UAAU,OAAO,QAAQ;AACvB,YAAM,SAAS,OAAO;AAAA,IACxB;AAAA,EACF;AAAA,EACA,eAAe,CAAC,YAAY;AAC1B,YACG,QAAQ,WAAW,SAAS,CAAC,UAAU;AACtC,YAAM,YAAY;AAAA,IACpB,CAAC,EACA,QAAQ,WAAW,WAAW,CAAC,OAAO,WAAW;AAChD,YAAM,YAAY;AAClB,YAAM,QAAQ,OAAO;AAAA,IACvB,CAAC,EAEA,QAAQ,WAAW,UAAU,CAAC,OAAO,WAAW;AAC/C,YAAM,UAAU,OAAO;AAAA,IACzB,CAAC,EACA,QAAQ,QAAQ,SAAS,CAAC,UAAU;AACnC,YAAM,YAAY;AAAA,IACpB,CAAC,EACA,QAAQ,QAAQ,WAAW,CAAC,OAAO,WAAW;AAC7C,YAAM,YAAY;AAClB,YAAM,OAAO,OAAO;AAAA,IACtB,CAAC,EAEA,QAAQ,QAAQ,UAAU,CAAC,OAAO,WAAW;AAC5C,YAAM,UAAU,OAAO;AAAA,IACzB,CAAC;AAAA,EACL;AACF,CAAC;AAED,eAAe,aAAa;",
      "names": []
    },
    "_coverageSchema": "1a1c01bbd47fc00a2c39e90264f33305004495a9",
    "hash": "f78c012b65f1ea49ab1122da1774cbb917298945"
  },
  "C:/RSSchool/react/src/hooks/useTypeSelector.ts": {
    "path": "C:/RSSchool/react/src/hooks/useTypeSelector.ts",
    "statementMap": {
      "0": {
        "start": {
          "line": 2,
          "column": 31
        },
        "end": {
          "line": 2,
          "column": 42
        }
      }
    },
    "fnMap": {},
    "branchMap": {},
    "s": {
      "0": 4
    },
    "f": {},
    "b": {},
    "inputSourceMap": {
      "version": 3,
      "sources": ["C:/RSSchool/react/src/hooks/useTypeSelector.ts"],
      "mappings": "AAAA,SAA+B,mBAAmB;AAG3C,aAAM,kBAAmD;",
      "names": []
    },
    "_coverageSchema": "1a1c01bbd47fc00a2c39e90264f33305004495a9",
    "hash": "92dc8cfda78437bd4b3592be8b4800fbc3aa39e1"
  },
  "C:/RSSchool/react/src/components/Search.tsx": {
    "path": "C:/RSSchool/react/src/components/Search.tsx",
    "statementMap": {
      "0": {
        "start": {
          "line": 5,
          "column": 0
        },
        "end": {
          "line": 15,
          "column": 1
        }
      },
      "1": {
        "start": {
          "line": 6,
          "column": 2
        },
        "end": {
          "line": 8,
          "column": 3
        }
      },
      "2": {
        "start": {
          "line": 7,
          "column": 4
        },
        "end": {
          "line": 7,
          "column": 165
        }
      },
      "3": {
        "start": {
          "line": 9,
          "column": 2
        },
        "end": {
          "line": 9,
          "column": 39
        }
      },
      "4": {
        "start": {
          "line": 10,
          "column": 2
        },
        "end": {
          "line": 10,
          "column": 39
        }
      },
      "5": {
        "start": {
          "line": 11,
          "column": 2
        },
        "end": {
          "line": 13,
          "column": 4
        }
      },
      "6": {
        "start": {
          "line": 12,
          "column": 4
        },
        "end": {
          "line": 12,
          "column": 87
        }
      },
      "7": {
        "start": {
          "line": 14,
          "column": 2
        },
        "end": {
          "line": 14,
          "column": 75
        }
      },
      "8": {
        "start": {
          "line": 16,
          "column": 9
        },
        "end": {
          "line": 16,
          "column": 23
        }
      },
      "9": {
        "start": {
          "line": 22,
          "column": 2
        },
        "end": {
          "line": 22,
          "column": 7
        }
      },
      "10": {
        "start": {
          "line": 23,
          "column": 16
        },
        "end": {
          "line": 23,
          "column": 28
        }
      },
      "11": {
        "start": {
          "line": 24,
          "column": 19
        },
        "end": {
          "line": 24,
          "column": 36
        }
      },
      "12": {
        "start": {
          "line": 27,
          "column": 6
        },
        "end": {
          "line": 27,
          "column": 26
        }
      },
      "13": {
        "start": {
          "line": 30,
          "column": 6
        },
        "end": {
          "line": 30,
          "column": 52
        }
      },
      "14": {
        "start": {
          "line": 30,
          "column": 33
        },
        "end": {
          "line": 30,
          "column": 51
        }
      },
      "15": {
        "start": {
          "line": 31,
          "column": 2
        },
        "end": {
          "line": 36,
          "column": 15
        }
      },
      "16": {
        "start": {
          "line": 32,
          "column": 19
        },
        "end": {
          "line": 32,
          "column": 23
        }
      },
      "17": {
        "start": {
          "line": 33,
          "column": 4
        },
        "end": {
          "line": 34,
          "column": 31
        }
      },
      "18": {
        "start": {
          "line": 34,
          "column": 6
        },
        "end": {
          "line": 34,
          "column": 31
        }
      },
      "19": {
        "start": {
          "line": 35,
          "column": 4
        },
        "end": {
          "line": 35,
          "column": 28
        }
      },
      "20": {
        "start": {
          "line": 37,
          "column": 23
        },
        "end": {
          "line": 40,
          "column": 3
        }
      },
      "21": {
        "start": {
          "line": 38,
          "column": 4
        },
        "end": {
          "line": 38,
          "column": 27
        }
      },
      "22": {
        "start": {
          "line": 39,
          "column": 4
        },
        "end": {
          "line": 39,
          "column": 46
        }
      },
      "23": {
        "start": {
          "line": 41,
          "column": 2
        },
        "end": {
          "line": 56,
          "column": 11
        }
      },
      "24": {
        "start": {
          "line": 58,
          "column": 0
        },
        "end": {
          "line": 60,
          "column": 3
        }
      },
      "25": {
        "start": {
          "line": 59,
          "column": 2
        },
        "end": {
          "line": 59,
          "column": 44
        }
      },
      "26": {
        "start": {
          "line": 61,
          "column": 0
        },
        "end": {
          "line": 61,
          "column": 12
        }
      },
      "27": {
        "start": {
          "line": 64,
          "column": 0
        },
        "end": {
          "line": 64,
          "column": 27
        }
      },
      "28": {
        "start": {
          "line": 65,
          "column": 0
        },
        "end": {
          "line": 81,
          "column": 1
        }
      },
      "29": {
        "start": {
          "line": 66,
          "column": 2
        },
        "end": {
          "line": 66,
          "column": 39
        }
      },
      "30": {
        "start": {
          "line": 67,
          "column": 2
        },
        "end": {
          "line": 67,
          "column": 39
        }
      },
      "31": {
        "start": {
          "line": 68,
          "column": 2
        },
        "end": {
          "line": 80,
          "column": 5
        }
      },
      "32": {
        "start": {
          "line": 72,
          "column": 4
        },
        "end": {
          "line": 72,
          "column": 113
        }
      },
      "33": {
        "start": {
          "line": 73,
          "column": 4
        },
        "end": {
          "line": 79,
          "column": 7
        }
      },
      "34": {
        "start": {
          "line": 74,
          "column": 6
        },
        "end": {
          "line": 75,
          "column": 15
        }
      },
      "35": {
        "start": {
          "line": 75,
          "column": 8
        },
        "end": {
          "line": 75,
          "column": 15
        }
      },
      "36": {
        "start": {
          "line": 76,
          "column": 32
        },
        "end": {
          "line": 76,
          "column": 115
        }
      },
      "37": {
        "start": {
          "line": 77,
          "column": 6
        },
        "end": {
          "line": 78,
          "column": 54
        }
      },
      "38": {
        "start": {
          "line": 78,
          "column": 8
        },
        "end": {
          "line": 78,
          "column": 54
        }
      }
    },
    "fnMap": {
      "0": {
        "name": "(anonymous_0)",
        "decl": {
          "start": {
            "line": 11,
            "column": 24
          },
          "end": {
            "line": 11,
            "column": 25
          }
        },
        "loc": {
          "start": {
            "line": 11,
            "column": 38
          },
          "end": {
            "line": 13,
            "column": 3
          }
        },
        "line": 11
      },
      "1": {
        "name": "Search",
        "decl": {
          "start": {
            "line": 21,
            "column": 9
          },
          "end": {
            "line": 21,
            "column": 15
          }
        },
        "loc": {
          "start": {
            "line": 21,
            "column": 18
          },
          "end": {
            "line": 57,
            "column": 1
          }
        },
        "line": 21
      },
      "2": {
        "name": "(anonymous_2)",
        "decl": {
          "start": {
            "line": 30,
            "column": 22
          },
          "end": {
            "line": 30,
            "column": 23
          }
        },
        "loc": {
          "start": {
            "line": 30,
            "column": 33
          },
          "end": {
            "line": 30,
            "column": 51
          }
        },
        "line": 30
      },
      "3": {
        "name": "(anonymous_3)",
        "decl": {
          "start": {
            "line": 31,
            "column": 12
          },
          "end": {
            "line": 31,
            "column": 13
          }
        },
        "loc": {
          "start": {
            "line": 31,
            "column": 18
          },
          "end": {
            "line": 36,
            "column": 3
          }
        },
        "line": 31
      },
      "4": {
        "name": "(anonymous_4)",
        "decl": {
          "start": {
            "line": 37,
            "column": 23
          },
          "end": {
            "line": 37,
            "column": 24
          }
        },
        "loc": {
          "start": {
            "line": 37,
            "column": 34
          },
          "end": {
            "line": 40,
            "column": 3
          }
        },
        "line": 37
      },
      "5": {
        "name": "(anonymous_5)",
        "decl": {
          "start": {
            "line": 58,
            "column": 50
          },
          "end": {
            "line": 58,
            "column": 51
          }
        },
        "loc": {
          "start": {
            "line": 58,
            "column": 61
          },
          "end": {
            "line": 60,
            "column": 1
          }
        },
        "line": 58
      },
      "6": {
        "name": "(anonymous_6)",
        "decl": {
          "start": {
            "line": 71,
            "column": 9
          },
          "end": {
            "line": 71,
            "column": 10
          }
        },
        "loc": {
          "start": {
            "line": 71,
            "column": 29
          },
          "end": {
            "line": 80,
            "column": 3
          }
        },
        "line": 71
      },
      "7": {
        "name": "(anonymous_7)",
        "decl": {
          "start": {
            "line": 73,
            "column": 27
          },
          "end": {
            "line": 73,
            "column": 28
          }
        },
        "loc": {
          "start": {
            "line": 73,
            "column": 44
          },
          "end": {
            "line": 79,
            "column": 5
          }
        },
        "line": 73
      }
    },
    "branchMap": {
      "0": {
        "loc": {
          "start": {
            "line": 5,
            "column": 0
          },
          "end": {
            "line": 15,
            "column": 1
          }
        },
        "type": "if",
        "locations": [
          {
            "start": {
              "line": 5,
              "column": 0
            },
            "end": {
              "line": 15,
              "column": 1
            }
          },
          {
            "start": {},
            "end": {}
          }
        ],
        "line": 5
      },
      "1": {
        "loc": {
          "start": {
            "line": 6,
            "column": 2
          },
          "end": {
            "line": 8,
            "column": 3
          }
        },
        "type": "if",
        "locations": [
          {
            "start": {
              "line": 6,
              "column": 2
            },
            "end": {
              "line": 8,
              "column": 3
            }
          },
          {
            "start": {},
            "end": {}
          }
        ],
        "line": 6
      },
      "2": {
        "loc": {
          "start": {
            "line": 33,
            "column": 4
          },
          "end": {
            "line": 34,
            "column": 31
          }
        },
        "type": "if",
        "locations": [
          {
            "start": {
              "line": 33,
              "column": 4
            },
            "end": {
              "line": 34,
              "column": 31
            }
          },
          {
            "start": {},
            "end": {}
          }
        ],
        "line": 33
      },
      "3": {
        "loc": {
          "start": {
            "line": 65,
            "column": 0
          },
          "end": {
            "line": 81,
            "column": 1
          }
        },
        "type": "if",
        "locations": [
          {
            "start": {
              "line": 65,
              "column": 0
            },
            "end": {
              "line": 81,
              "column": 1
            }
          },
          {
            "start": {},
            "end": {}
          }
        ],
        "line": 65
      },
      "4": {
        "loc": {
          "start": {
            "line": 74,
            "column": 6
          },
          "end": {
            "line": 75,
            "column": 15
          }
        },
        "type": "if",
        "locations": [
          {
            "start": {
              "line": 74,
              "column": 6
            },
            "end": {
              "line": 75,
              "column": 15
            }
          },
          {
            "start": {},
            "end": {}
          }
        ],
        "line": 74
      },
      "5": {
        "loc": {
          "start": {
            "line": 77,
            "column": 6
          },
          "end": {
            "line": 78,
            "column": 54
          }
        },
        "type": "if",
        "locations": [
          {
            "start": {
              "line": 77,
              "column": 6
            },
            "end": {
              "line": 78,
              "column": 54
            }
          },
          {
            "start": {},
            "end": {}
          }
        ],
        "line": 77
      }
    },
    "s": {
      "0": 4,
      "1": 4,
      "2": 0,
      "3": 4,
      "4": 4,
      "5": 4,
      "6": 4,
      "7": 4,
      "8": 4,
      "9": 4,
      "10": 4,
      "11": 4,
      "12": 4,
      "13": 4,
      "14": 4,
      "15": 4,
      "16": 0,
      "17": 0,
      "18": 0,
      "19": 0,
      "20": 4,
      "21": 0,
      "22": 0,
      "23": 4,
      "24": 4,
      "25": 4,
      "26": 4,
      "27": 4,
      "28": 4,
      "29": 4,
      "30": 4,
      "31": 4,
      "32": 0,
      "33": 0,
      "34": 0,
      "35": 0,
      "36": 0,
      "37": 0,
      "38": 0
    },
    "f": {
      "0": 4,
      "1": 4,
      "2": 4,
      "3": 0,
      "4": 0,
      "5": 4,
      "6": 0,
      "7": 0
    },
    "b": {
      "0": [4, 0],
      "1": [0, 4],
      "2": [0, 0],
      "3": [4, 0],
      "4": [0, 0],
      "5": [0, 0]
    },
    "inputSourceMap": {
      "version": 3,
      "mappings": "AAwBM;;;;;;;;;;;;;;;;AAxBN,SAASA,uBAAuB;AAChC,SAA2BC,WAAWC,cAAc;AACpD,SAASC,oBAAoB;AAC7B,SAASC,uBAAuB;AAEhC,SAASC,SAAS;AAAAC;AAChB,QAAMC,QAAQL,OAAyB,IAAI;AAC3C,QAAMM,WAAWR,gBAAe;AAChC,QAAM;AAAA,IAAES;AAAAA,EAAU,IAAIN,aAAaO;AACnC,QAAM;AAAA,IAAEC;AAAAA,EAAO,IAAIP,gBAAiBQ,WAAUA,MAAMT,YAAY;AAEhEF,YAAU,MAAM;AACd,QAAIY,WAAoC;AACxC,QAAIN,MAAMO;AAASD,iBAAWN,MAAMO;AACpC,IAACD,SAA8BE,QAAQJ;AAAAA,EACzC,GAAG,CAACA,MAAM,CAAC;AAEX,QAAMK,eAAeA,CAACC,UAAqB;AACzCA,UAAMC,eAAc;AACpBV,aAASC,UAAUF,MAAMO,SAASC,KAAK,CAAC;AAAA,EAC1C;AAEA,SACE,uBAAC,UAAK,WAAU,eAAc,UAAUC,cACtC;AAAA,2BAAC,WAAM,WAAU,iBAAgB,MAAK,QAAO,aAAY,cAAa,KAAKT,SAA3E;AAAA;AAAA;AAAA;AAAA,WAAiF;AAAA,IACjF,uBAAC,WAAM,WAAU,kBAAiB,MAAK,UAAS,OAAM,YAAtD;AAAA;AAAA;AAAA;AAAA,WAA8D;AAAA,OAFhE;AAAA;AAAA;AAAA;AAAA,SAGA;AAEJ;AAACD,GAvBQD,QAAM;AAAA,UAEIL,iBAEEI,eAAe;AAAA;AAAAe,KAJ3Bd;AAyBT,eAAeA;AAAO;AAAAe",
      "names": [
        "useTypeDispatch",
        "useEffect",
        "useRef",
        "cardsReducer",
        "useTypeSelector",
        "Search",
        "_s",
        "input",
        "dispatch",
        "addFilter",
        "actions",
        "filter",
        "state",
        "localRef",
        "current",
        "value",
        "handleSubmit",
        "event",
        "preventDefault",
        "_c",
        "$RefreshReg$"
      ],
      "sources": ["C:/RSSchool/react/src/components/Search.tsx"],
      "file": "C:/RSSchool/react/src/components/Search.tsx"
    },
    "_coverageSchema": "1a1c01bbd47fc00a2c39e90264f33305004495a9",
    "hash": "be642390117cf32a40868365f0ff8dd2dadc5136"
  },
  "C:/RSSchool/react/src/components/Modal.tsx": {
    "path": "C:/RSSchool/react/src/components/Modal.tsx",
    "statementMap": {
      "0": {
        "start": {
          "line": 5,
          "column": 0
        },
        "end": {
          "line": 15,
          "column": 1
        }
      },
      "1": {
        "start": {
          "line": 6,
          "column": 2
        },
        "end": {
          "line": 8,
          "column": 3
        }
      },
      "2": {
        "start": {
          "line": 7,
          "column": 4
        },
        "end": {
          "line": 7,
          "column": 165
        }
      },
      "3": {
        "start": {
          "line": 9,
          "column": 2
        },
        "end": {
          "line": 9,
          "column": 39
        }
      },
      "4": {
        "start": {
          "line": 10,
          "column": 2
        },
        "end": {
          "line": 10,
          "column": 39
        }
      },
      "5": {
        "start": {
          "line": 11,
          "column": 2
        },
        "end": {
          "line": 13,
          "column": 4
        }
      },
      "6": {
        "start": {
          "line": 12,
          "column": 4
        },
        "end": {
          "line": 12,
          "column": 86
        }
      },
      "7": {
        "start": {
          "line": 14,
          "column": 2
        },
        "end": {
          "line": 14,
          "column": 75
        }
      },
      "8": {
        "start": {
          "line": 16,
          "column": 9
        },
        "end": {
          "line": 16,
          "column": 23
        }
      },
      "9": {
        "start": {
          "line": 23,
          "column": 14
        },
        "end": {
          "line": 134,
          "column": 1
        }
      },
      "10": {
        "start": {
          "line": 24,
          "column": 2
        },
        "end": {
          "line": 24,
          "column": 7
        }
      },
      "11": {
        "start": {
          "line": 25,
          "column": 19
        },
        "end": {
          "line": 25,
          "column": 36
        }
      },
      "12": {
        "start": {
          "line": 28,
          "column": 6
        },
        "end": {
          "line": 28,
          "column": 26
        }
      },
      "13": {
        "start": {
          "line": 33,
          "column": 6
        },
        "end": {
          "line": 33,
          "column": 52
        }
      },
      "14": {
        "start": {
          "line": 33,
          "column": 33
        },
        "end": {
          "line": 33,
          "column": 51
        }
      },
      "15": {
        "start": {
          "line": 34,
          "column": 2
        },
        "end": {
          "line": 36,
          "column": 27
        }
      },
      "16": {
        "start": {
          "line": 35,
          "column": 4
        },
        "end": {
          "line": 35,
          "column": 32
        }
      },
      "17": {
        "start": {
          "line": 37,
          "column": 2
        },
        "end": {
          "line": 133,
          "column": 27
        }
      },
      "18": {
        "start": {
          "line": 38,
          "column": 4
        },
        "end": {
          "line": 38,
          "column": 58
        }
      },
      "19": {
        "start": {
          "line": 40,
          "column": 83
        },
        "end": {
          "line": 40,
          "column": 104
        }
      },
      "20": {
        "start": {
          "line": 135,
          "column": 0
        },
        "end": {
          "line": 137,
          "column": 3
        }
      },
      "21": {
        "start": {
          "line": 136,
          "column": 2
        },
        "end": {
          "line": 136,
          "column": 44
        }
      },
      "22": {
        "start": {
          "line": 138,
          "column": 0
        },
        "end": {
          "line": 138,
          "column": 11
        }
      },
      "23": {
        "start": {
          "line": 141,
          "column": 0
        },
        "end": {
          "line": 141,
          "column": 26
        }
      },
      "24": {
        "start": {
          "line": 142,
          "column": 0
        },
        "end": {
          "line": 158,
          "column": 1
        }
      },
      "25": {
        "start": {
          "line": 143,
          "column": 2
        },
        "end": {
          "line": 143,
          "column": 39
        }
      },
      "26": {
        "start": {
          "line": 144,
          "column": 2
        },
        "end": {
          "line": 144,
          "column": 39
        }
      },
      "27": {
        "start": {
          "line": 145,
          "column": 2
        },
        "end": {
          "line": 157,
          "column": 5
        }
      },
      "28": {
        "start": {
          "line": 149,
          "column": 4
        },
        "end": {
          "line": 149,
          "column": 112
        }
      },
      "29": {
        "start": {
          "line": 150,
          "column": 4
        },
        "end": {
          "line": 156,
          "column": 7
        }
      },
      "30": {
        "start": {
          "line": 151,
          "column": 6
        },
        "end": {
          "line": 152,
          "column": 15
        }
      },
      "31": {
        "start": {
          "line": 152,
          "column": 8
        },
        "end": {
          "line": 152,
          "column": 15
        }
      },
      "32": {
        "start": {
          "line": 153,
          "column": 32
        },
        "end": {
          "line": 153,
          "column": 115
        }
      },
      "33": {
        "start": {
          "line": 154,
          "column": 6
        },
        "end": {
          "line": 155,
          "column": 54
        }
      },
      "34": {
        "start": {
          "line": 155,
          "column": 8
        },
        "end": {
          "line": 155,
          "column": 54
        }
      }
    },
    "fnMap": {
      "0": {
        "name": "(anonymous_0)",
        "decl": {
          "start": {
            "line": 11,
            "column": 24
          },
          "end": {
            "line": 11,
            "column": 25
          }
        },
        "loc": {
          "start": {
            "line": 11,
            "column": 38
          },
          "end": {
            "line": 13,
            "column": 3
          }
        },
        "line": 11
      },
      "1": {
        "name": "(anonymous_1)",
        "decl": {
          "start": {
            "line": 23,
            "column": 14
          },
          "end": {
            "line": 23,
            "column": 15
          }
        },
        "loc": {
          "start": {
            "line": 23,
            "column": 25
          },
          "end": {
            "line": 134,
            "column": 1
          }
        },
        "line": 23
      },
      "2": {
        "name": "(anonymous_2)",
        "decl": {
          "start": {
            "line": 33,
            "column": 22
          },
          "end": {
            "line": 33,
            "column": 23
          }
        },
        "loc": {
          "start": {
            "line": 33,
            "column": 33
          },
          "end": {
            "line": 33,
            "column": 51
          }
        },
        "line": 33
      },
      "3": {
        "name": "(anonymous_3)",
        "decl": {
          "start": {
            "line": 34,
            "column": 12
          },
          "end": {
            "line": 34,
            "column": 13
          }
        },
        "loc": {
          "start": {
            "line": 34,
            "column": 18
          },
          "end": {
            "line": 36,
            "column": 3
          }
        },
        "line": 34
      },
      "4": {
        "name": "(anonymous_4)",
        "decl": {
          "start": {
            "line": 37,
            "column": 92
          },
          "end": {
            "line": 37,
            "column": 93
          }
        },
        "loc": {
          "start": {
            "line": 37,
            "column": 99
          },
          "end": {
            "line": 39,
            "column": 3
          }
        },
        "line": 37
      },
      "5": {
        "name": "(anonymous_5)",
        "decl": {
          "start": {
            "line": 40,
            "column": 77
          },
          "end": {
            "line": 40,
            "column": 78
          }
        },
        "loc": {
          "start": {
            "line": 40,
            "column": 83
          },
          "end": {
            "line": 40,
            "column": 104
          }
        },
        "line": 40
      },
      "6": {
        "name": "(anonymous_6)",
        "decl": {
          "start": {
            "line": 135,
            "column": 49
          },
          "end": {
            "line": 135,
            "column": 50
          }
        },
        "loc": {
          "start": {
            "line": 135,
            "column": 60
          },
          "end": {
            "line": 137,
            "column": 1
          }
        },
        "line": 135
      },
      "7": {
        "name": "(anonymous_7)",
        "decl": {
          "start": {
            "line": 148,
            "column": 9
          },
          "end": {
            "line": 148,
            "column": 10
          }
        },
        "loc": {
          "start": {
            "line": 148,
            "column": 29
          },
          "end": {
            "line": 157,
            "column": 3
          }
        },
        "line": 148
      },
      "8": {
        "name": "(anonymous_8)",
        "decl": {
          "start": {
            "line": 150,
            "column": 27
          },
          "end": {
            "line": 150,
            "column": 28
          }
        },
        "loc": {
          "start": {
            "line": 150,
            "column": 44
          },
          "end": {
            "line": 156,
            "column": 5
          }
        },
        "line": 150
      }
    },
    "branchMap": {
      "0": {
        "loc": {
          "start": {
            "line": 5,
            "column": 0
          },
          "end": {
            "line": 15,
            "column": 1
          }
        },
        "type": "if",
        "locations": [
          {
            "start": {
              "line": 5,
              "column": 0
            },
            "end": {
              "line": 15,
              "column": 1
            }
          },
          {
            "start": {},
            "end": {}
          }
        ],
        "line": 5
      },
      "1": {
        "loc": {
          "start": {
            "line": 6,
            "column": 2
          },
          "end": {
            "line": 8,
            "column": 3
          }
        },
        "type": "if",
        "locations": [
          {
            "start": {
              "line": 6,
              "column": 2
            },
            "end": {
              "line": 8,
              "column": 3
            }
          },
          {
            "start": {},
            "end": {}
          }
        ],
        "line": 6
      },
      "2": {
        "loc": {
          "start": {
            "line": 38,
            "column": 4
          },
          "end": {
            "line": 38,
            "column": 57
          }
        },
        "type": "binary-expr",
        "locations": [
          {
            "start": {
              "line": 38,
              "column": 4
            },
            "end": {
              "line": 38,
              "column": 32
            }
          },
          {
            "start": {
              "line": 38,
              "column": 36
            },
            "end": {
              "line": 38,
              "column": 57
            }
          }
        ],
        "line": 38
      },
      "3": {
        "loc": {
          "start": {
            "line": 45,
            "column": 4
          },
          "end": {
            "line": 49,
            "column": 12
          }
        },
        "type": "binary-expr",
        "locations": [
          {
            "start": {
              "line": 45,
              "column": 4
            },
            "end": {
              "line": 45,
              "column": 13
            }
          },
          {
            "start": {
              "line": 45,
              "column": 33
            },
            "end": {
              "line": 49,
              "column": 12
            }
          }
        ],
        "line": 45
      },
      "4": {
        "loc": {
          "start": {
            "line": 50,
            "column": 4
          },
          "end": {
            "line": 54,
            "column": 12
          }
        },
        "type": "binary-expr",
        "locations": [
          {
            "start": {
              "line": 50,
              "column": 4
            },
            "end": {
              "line": 50,
              "column": 11
            }
          },
          {
            "start": {
              "line": 50,
              "column": 31
            },
            "end": {
              "line": 54,
              "column": 12
            }
          }
        ],
        "line": 50
      },
      "5": {
        "loc": {
          "start": {
            "line": 67,
            "column": 50
          },
          "end": {
            "line": 74,
            "column": 16
          }
        },
        "type": "binary-expr",
        "locations": [
          {
            "start": {
              "line": 67,
              "column": 50
            },
            "end": {
              "line": 67,
              "column": 60
            }
          },
          {
            "start": {
              "line": 67,
              "column": 80
            },
            "end": {
              "line": 74,
              "column": 16
            }
          }
        ],
        "line": 67
      },
      "6": {
        "loc": {
          "start": {
            "line": 79,
            "column": 50
          },
          "end": {
            "line": 86,
            "column": 16
          }
        },
        "type": "binary-expr",
        "locations": [
          {
            "start": {
              "line": 79,
              "column": 50
            },
            "end": {
              "line": 79,
              "column": 60
            }
          },
          {
            "start": {
              "line": 79,
              "column": 80
            },
            "end": {
              "line": 86,
              "column": 16
            }
          }
        ],
        "line": 79
      },
      "7": {
        "loc": {
          "start": {
            "line": 91,
            "column": 50
          },
          "end": {
            "line": 98,
            "column": 16
          }
        },
        "type": "binary-expr",
        "locations": [
          {
            "start": {
              "line": 91,
              "column": 50
            },
            "end": {
              "line": 91,
              "column": 60
            }
          },
          {
            "start": {
              "line": 91,
              "column": 80
            },
            "end": {
              "line": 98,
              "column": 16
            }
          }
        ],
        "line": 91
      },
      "8": {
        "loc": {
          "start": {
            "line": 103,
            "column": 50
          },
          "end": {
            "line": 110,
            "column": 16
          }
        },
        "type": "binary-expr",
        "locations": [
          {
            "start": {
              "line": 103,
              "column": 50
            },
            "end": {
              "line": 103,
              "column": 60
            }
          },
          {
            "start": {
              "line": 103,
              "column": 80
            },
            "end": {
              "line": 110,
              "column": 16
            }
          }
        ],
        "line": 103
      },
      "9": {
        "loc": {
          "start": {
            "line": 142,
            "column": 0
          },
          "end": {
            "line": 158,
            "column": 1
          }
        },
        "type": "if",
        "locations": [
          {
            "start": {
              "line": 142,
              "column": 0
            },
            "end": {
              "line": 158,
              "column": 1
            }
          },
          {
            "start": {},
            "end": {}
          }
        ],
        "line": 142
      },
      "10": {
        "loc": {
          "start": {
            "line": 151,
            "column": 6
          },
          "end": {
            "line": 152,
            "column": 15
          }
        },
        "type": "if",
        "locations": [
          {
            "start": {
              "line": 151,
              "column": 6
            },
            "end": {
              "line": 152,
              "column": 15
            }
          },
          {
            "start": {},
            "end": {}
          }
        ],
        "line": 151
      },
      "11": {
        "loc": {
          "start": {
            "line": 154,
            "column": 6
          },
          "end": {
            "line": 155,
            "column": 54
          }
        },
        "type": "if",
        "locations": [
          {
            "start": {
              "line": 154,
              "column": 6
            },
            "end": {
              "line": 155,
              "column": 54
            }
          },
          {
            "start": {},
            "end": {}
          }
        ],
        "line": 154
      }
    },
    "s": {
      "0": 4,
      "1": 4,
      "2": 0,
      "3": 4,
      "4": 4,
      "5": 4,
      "6": 4,
      "7": 4,
      "8": 4,
      "9": 4,
      "10": 0,
      "11": 0,
      "12": 0,
      "13": 0,
      "14": 0,
      "15": 0,
      "16": 0,
      "17": 0,
      "18": 0,
      "19": 0,
      "20": 4,
      "21": 0,
      "22": 4,
      "23": 4,
      "24": 4,
      "25": 4,
      "26": 4,
      "27": 4,
      "28": 0,
      "29": 0,
      "30": 0,
      "31": 0,
      "32": 0,
      "33": 0,
      "34": 0
    },
    "f": {
      "0": 4,
      "1": 0,
      "2": 0,
      "3": 0,
      "4": 0,
      "5": 0,
      "6": 0,
      "7": 0,
      "8": 0
    },
    "b": {
      "0": [4, 0],
      "1": [0, 4],
      "2": [0, 0],
      "3": [0, 0],
      "4": [0, 0],
      "5": [0, 0],
      "6": [0, 0],
      "7": [0, 0],
      "8": [0, 0],
      "9": [4, 0],
      "10": [0, 0],
      "11": [0, 0]
    },
    "inputSourceMap": {
      "version": 3,
      "mappings": "AA2BQ;;;;;;;;;;;;;;;;AA3BR,SAAgBA,iBAAiB;AACjC,OAAOC,cAAc;AACrB,SAASC,oBAAoB;AAC7B,SAASC,eAAe;AACxB,SAASC,uBAAuB;AAChC,SAASC,uBAAuB;AAMhC,MAAMC,QAAQA,CAACC,UAAsB;AAAAC;AACnC,QAAMC,WAAWL,gBAAe;AAChC,QAAM;AAAA,IAAEM;AAAAA,EAAU,IAAIR,aAAaS;AACnC,QAAM;AAAA,IAAEC;AAAAA,IAAMC;AAAAA,IAAWC;AAAAA,EAAQ,IAAIT,gBAAiBU,WAAUA,MAAMC,YAAY;AAClFhB,YAAU,MAAM;AACdS,aAASN,QAAQI,MAAMU,EAAE,CAAC;AAAA,EAC5B,GAAG,CAACR,UAAUF,MAAMU,EAAE,CAAC;AAEvB,SAAOhB,SAASiB,aACd,uBAAC,SACC,WAAU,SACV,SAAUC,OAAM;AACdA,MAAEC,kBAAkBD,EAAEE,UAAUZ,SAASC,UAAS,CAAE;AAAA,EACtD,GAEA,iCAAC,SAAI,WAAU,kBACb;AAAA,2BAAC,UAAK,WAAU,oBAAmB,SAAS,MAAMD,SAASC,UAAS,CAAE,KAAtE;AAAA;AAAA;AAAA;AAAA,WAAyE;AAAA,IACxEG,aAAa,uBAAC,SAAI,WAAU,aAAY,0BAA3B;AAAA;AAAA;AAAA;AAAA,WAAqC;AAAA,IAClDC,WAAW,uBAAC,SAAI,WAAU,SAAQ,qBAAvB;AAAA;AAAA;AAAA;AAAA,WAA4B;AAAA,IACxC,uBAAC,QAAG,WAAU,eAAeF,gBAAMU,QAAnC;AAAA;AAAA;AAAA;AAAA,WAAwC;AAAA,IACxC,uBAAC,SAAI,WAAU,oBACb;AAAA,6BAAC,SAAI,WAAU,cAAa,KAAKV,MAAMW,OAAO,KAAKX,MAAMU,QAAzD;AAAA;AAAA;AAAA;AAAA,aAA8D;AAAA,MAC9D,uBAAC,SAAI,WAAU,kBACb;AAAA,+BAAC,SAAK,WAACT,aAAa,uBAAC,UAAK;AAAA;AAAA,UAASD,MAAMY;AAAAA,aAArB;AAAA;AAAA;AAAA;AAAA,eAA4B,KAAhD;AAAA;AAAA;AAAA;AAAA,eAAwD;AAAA,QACxD,uBAAC,SAAK,WAACX,aAAa,uBAAC,UAAK;AAAA;AAAA,UAAUD,MAAMa;AAAAA,aAAtB;AAAA;AAAA;AAAA;AAAA,eAA8B,KAAlD;AAAA;AAAA;AAAA;AAAA,eAA0D;AAAA,QAC1D,uBAAC,SAAK,WAACZ,aAAa,uBAAC,UAAK;AAAA;AAAA,UAASD,MAAMc;AAAAA,aAArB;AAAA;AAAA;AAAA;AAAA,eAA4B,KAAhD;AAAA;AAAA;AAAA;AAAA,eAAwD;AAAA,QACxD,uBAAC,SAAK,WAACb,aAAa,uBAAC,UAAK;AAAA;AAAA,UAAcD,MAAMe,OAAOL;AAAAA,aAAjC;AAAA;AAAA;AAAA;AAAA,eAAsC,KAA1D;AAAA;AAAA;AAAA;AAAA,eAAkE;AAAA,WAJpE;AAAA;AAAA;AAAA;AAAA,aAKA;AAAA,SAPF;AAAA;AAAA;AAAA;AAAA,WAQA;AAAA,OAbF;AAAA;AAAA;AAAA;AAAA,SAcA,KApBF;AAAA;AAAA;AAAA;AAAA,SAqBA,GACAM,SAASC,IAAI;AAEjB;AAAErB,GAjCIF,OAAK;AAAA,UACQF,iBAEoBC,eAAe;AAAA;AAAAyB,KAHhDxB;AAmCN,eAAeA;AAAM;AAAAyB",
      "names": [
        "useEffect",
        "ReactDOM",
        "modalReducer",
        "fetchId",
        "useTypeDispatch",
        "useTypeSelector",
        "Modal",
        "props",
        "_s",
        "dispatch",
        "hideModal",
        "actions",
        "card",
        "isLoading",
        "isError",
        "state",
        "cardsReducer",
        "id",
        "createPortal",
        "e",
        "currentTarget",
        "target",
        "name",
        "image",
        "gender",
        "species",
        "status",
        "origin",
        "document",
        "body",
        "_c",
        "$RefreshReg$"
      ],
      "sources": ["C:/RSSchool/react/src/components/Modal.tsx"],
      "file": "C:/RSSchool/react/src/components/Modal.tsx"
    },
    "_coverageSchema": "1a1c01bbd47fc00a2c39e90264f33305004495a9",
    "hash": "bb30fa69dcaa418717e77539da401c146a9223c7"
  },
  "C:/RSSchool/react/src/components/CardsList.tsx": {
    "path": "C:/RSSchool/react/src/components/CardsList.tsx",
    "statementMap": {
      "0": {
        "start": {
          "line": 5,
          "column": 0
        },
        "end": {
          "line": 15,
          "column": 1
        }
      },
      "1": {
        "start": {
          "line": 6,
          "column": 2
        },
        "end": {
          "line": 8,
          "column": 3
        }
      },
      "2": {
        "start": {
          "line": 7,
          "column": 4
        },
        "end": {
          "line": 7,
          "column": 165
        }
      },
      "3": {
        "start": {
          "line": 9,
          "column": 2
        },
        "end": {
          "line": 9,
          "column": 39
        }
      },
      "4": {
        "start": {
          "line": 10,
          "column": 2
        },
        "end": {
          "line": 10,
          "column": 39
        }
      },
      "5": {
        "start": {
          "line": 11,
          "column": 2
        },
        "end": {
          "line": 13,
          "column": 4
        }
      },
      "6": {
        "start": {
          "line": 12,
          "column": 4
        },
        "end": {
          "line": 12,
          "column": 90
        }
      },
      "7": {
        "start": {
          "line": 14,
          "column": 2
        },
        "end": {
          "line": 14,
          "column": 75
        }
      },
      "8": {
[...]
            "column": 5
          }
        },
        "line": 48
      }
    },
    "branchMap": {
      "0": {
        "loc": {
          "start": {
            "line": 5,
            "column": 0
          },
          "end": {
            "line": 15,
            "column": 1
          }
        },
        "type": "if",
        "locations": [
          {
            "start": {
              "line": 5,
              "column": 0
            },
            "end": {
              "line": 15,
              "column": 1
            }
          },
          {
            "start": {},
            "end": {}
          }
        ],
        "line": 5
      },
      "1": {
        "loc": {
          "start": {
            "line": 6,
            "column": 2
          },
          "end": {
            "line": 8,
            "column": 3
          }
        },
        "type": "if",
        "locations": [
          {
            "start": {
              "line": 6,
              "column": 2
            },
            "end": {
              "line": 8,
              "column": 3
            }
          },
          {
            "start": {},
            "end": {}
          }
        ],
        "line": 6
      },
      "2": {
        "loc": {
          "start": {
            "line": 40,
            "column": 0
          },
          "end": {
            "line": 56,
            "column": 1
          }
        },
        "type": "if",
        "locations": [
          {
            "start": {
              "line": 40,
              "column": 0
            },
            "end": {
              "line": 56,
              "column": 1
            }
          },
          {
            "start": {},
            "end": {}
          }
        ],
        "line": 40
      },
      "3": {
        "loc": {
          "start": {
            "line": 49,
            "column": 6
          },
          "end": {
            "line": 50,
            "column": 15
          }
        },
        "type": "if",
        "locations": [
          {
            "start": {
              "line": 49,
              "column": 6
            },
            "end": {
              "line": 50,
              "column": 15
            }
          },
          {
            "start": {},
            "end": {}
          }
        ],
        "line": 49
      },
      "4": {
        "loc": {
          "start": {
            "line": 52,
            "column": 6
          },
          "end": {
            "line": 53,
            "column": 54
          }
        },
        "type": "if",
        "locations": [
          {
            "start": {
              "line": 52,
              "column": 6
            },
            "end": {
              "line": 53,
              "column": 54
            }
          },
          {
            "start": {},
            "end": {}
          }
        ],
        "line": 52
      }
    },
    "s": {
      "0": 4,
      "1": 4,
      "2": 0,
      "3": 4,
      "4": 4,
      "5": 4,
      "6": 4,
      "7": 4,
      "8": 0,
      "9": 4,
      "10": 4,
      "11": 4,
      "12": 4,
      "13": 4,
      "14": 4,
      "15": 0,
      "16": 0,
      "17": 0,
      "18": 0,
      "19": 0,
      "20": 0,
      "21": 0
    },
    "f": {
      "0": 4,
      "1": 0,
      "2": 0,
      "3": 0
    },
    "b": {
      "0": [4, 0],
      "1": [0, 4],
      "2": [4, 0],
      "3": [0, 0],
      "4": [0, 0]
    },
    "inputSourceMap": {
      "version": 3,
      "mappings": "AAMI,mBACE,cADF;AANJ,OAAOA,oBAAkB;AAAA;AAAA;AAAA;AAAA;AAAA;AAAA;AAAA;AAAA;AAAA;AAAA;AAAA;AAAA;AAAA;AACzB,OAAOC,YAAY;AACnB,OAAOC,cAAc;AAErB,SAASC,WAAW;AAClB,SACE,mCACE;AAAA,2BAAC,YAAD;AAAA;AAAA;AAAA;AAAA,WAAO;AAAA,IACP,uBAAC,cAAD;AAAA;AAAA;AAAA;AAAA,WAAS;AAAA,OAFX;AAAA;AAAA;AAAA;AAAA,SAGA;AAEJ;AAACC,KAPQD;AAST,eAAeA;AAAS;AAAAE",
      "names": ["React", "Header", "UserList", "FormPage", "_c", "$RefreshReg$"],
      "sources": ["C:/RSSchool/react/src/pages/FormPage.tsx"],
      "file": "C:/RSSchool/react/src/pages/FormPage.tsx"
    },
    "_coverageSchema": "1a1c01bbd47fc00a2c39e90264f33305004495a9",
    "hash": "94921d32a8340e7535d1c29f2e7e2cf24eba4469"
  },
  "C:/RSSchool/react/src/App.tsx": {
    "path": "C:/RSSchool/react/src/App.tsx",
    "statementMap": {
      "0": {
        "start": {
          "line": 5,
          "column": 0
        },
        "end": {
          "line": 15,
          "column": 1
        }
      },
      "1": {
        "start": {
          "line": 6,
          "column": 2
        },
        "end": {
          "line": 8,
          "column": 3
        }
      },
      "2": {
        "start": {
          "line": 7,
          "column": 4
        },
        "end": {
          "line": 7,
          "column": 165
        }
      },
      "3": {
        "start": {
          "line": 9,
          "column": 2
        },
        "end": {
          "line": 9,
          "column": 39
        }
      },
      "4": {
        "start": {
          "line": 10,
          "column": 2
        },
        "end": {
          "line": 10,
          "column": 39
        }
      },
      "5": {
        "start": {
          "line": 11,
          "column": 2
        },
        "end": {
          "line": 13,
          "column": 4
        }
      },
      "6": {
        "start": {
          "line": 12,
          "column": 4
        },
        "end": {
          "line": 12,
          "column": 73
        }
      },
      "7": {
        "start": {
          "line": 14,
          "column": 2
        },
        "end": {
          "line": 14,
          "column": 75
        }
      },
      "8": {
        "start": {
          "line": 22,
          "column": 2
        },
        "end": {
          "line": 67,
          "column": 11
        }
      },
      "9": {
        "start": {
          "line": 69,
          "column": 0
        },
        "end": {
          "line": 69,
          "column": 9
        }
      },
      "10": {
        "start": {
          "line": 72,
          "column": 0
        },
        "end": {
          "line": 72,
          "column": 24
        }
      },
      "11": {
        "start": {
          "line": 73,
          "column": 0
        },
        "end": {
          "line": 89,
          "column": 1
        }
      },
      "12": {
        "start": {
          "line": 74,
          "column": 2
        },
        "end": {
          "line": 74,
          "column": 39
        }
      },
      "13": {
        "start": {
          "line": 75,
          "column": 2
        },
        "end": {
          "line": 75,
          "column": 39
        }
      },
      "14": {
        "start": {
          "line": 76,
          "column": 2
        },
        "end": {
          "line": 88,
          "column": 5
        }
      },
      "15": {
        "start": {
          "line": 80,
          "column": 4
        },
        "end": {
          "line": 80,
          "column": 99
        }
      },
      "16": {
        "start": {
          "line": 81,
          "column": 4
        },
        "end": {
          "line": 87,
          "column": 7
        }
      },
      "17": {
        "start": {
          "line": 82,
          "column": 6
        },
        "end": {
          "line": 83,
          "column": 15
        }
      },
      "18": {
        "start": {
          "line": 83,
          "column": 8
        },
        "end": {
          "line": 83,
          "column": 15
        }
      },
      "19": {
        "start": {
          "line": 84,
          "column": 32
        },
        "end": {
          "line": 84,
          "column": 115
        }
      },
      "20": {
        "start": {
          "line": 85,
          "column": 6
        },
        "end": {
          "line": 86,
          "column": 54
        }
      },
      "21": {
        "start": {
          "line": 86,
          "column": 8
        },
        "end": {
          "line": 86,
          "column": 54
        }
      }
    },
    "fnMap": {
      "0": {
        "name": "(anonymous_0)",
        "decl": {
          "start": {
            "line": 11,
            "column": 24
          },
          "end": {
            "line": 11,
            "column": 25
          }
        },
        "loc": {
          "start": {
            "line": 11,
            "column": 38
          },
          "end": {
            "line": 13,
            "column": 3
          }
        },
        "line": 11
      },
      "1": {
        "name": "App",
        "decl": {
          "start": {
            "line": 21,
            "column": 9
          },
          "end": {
            "line": 21,
            "column": 12
          }
        },
        "loc": {
          "start": {
            "line": 21,
            "column": 15
          },
          "end": {
            "line": 68,
            "column": 1
          }
        },
        "line": 21
      },
      "2": {
        "name": "(anonymous_2)",
        "decl": {
          "start": {
            "line": 79,
            "column": 9
          },
          "end": {
            "line": 79,
            "column": 10
          }
        },
        "loc": {
          "start": {
            "line": 79,
            "column": 29
          },
          "end": {
            "line": 88,
            "column": 3
          }
        },
        "line": 79
      },
      "3": {
        "name": "(anonymous_3)",
        "decl": {
          "start": {
            "line": 81,
            "column": 27
          },
          "end": {
            "line": 81,
            "column": 28
          }
        },
        "loc": {
          "start": {
            "line": 81,
            "column": 44
          },
          "end": {
            "line": 87,
            "column": 5
          }
        },
        "line": 81
      }
    },
    "branchMap": {
      "0": {
        "loc": {
          "start": {
            "line": 5,
            "column": 0
          },
          "end": {
            "line": 15,
            "column": 1
          }
        },
        "type": "if",
        "locations": [
          {
            "start": {
              "line": 5,
              "column": 0
            },
            "end": {
              "line": 15,
              "column": 1
            }
          },
          {
            "start": {},
            "end": {}
          }
        ],
        "line": 5
      },
      "1": {
        "loc": {
          "start": {
            "line": 6,
            "column": 2
          },
          "end": {
            "line": 8,
            "column": 3
          }
        },
        "type": "if",
        "locations": [
          {
            "start": {
              "line": 6,
              "column": 2
            },
            "end": {
              "line": 8,
              "column": 3
            }
          },
          {
            "start": {},
            "end": {}
          }
        ],
        "line": 6
      },
      "2": {
        "loc": {
          "start": {
            "line": 73,
            "column": 0
          },
          "end": {
            "line": 89,
            "column": 1
          }
        },
        "type": "if",
        "locations": [
          {
            "start": {
              "line": 73,
              "column": 0
            },
            "end": {
              "line": 89,
              "column": 1
            }
          },
          {
            "start": {},
            "end": {}
          }
        ],
        "line": 73
      },
      "3": {
        "loc": {
          "start": {
            "line": 82,
            "column": 6
          },
          "end": {
            "line": 83,
            "column": 15
          }
        },
        "type": "if",
        "locations": [
          {
            "start": {
              "line": 82,
              "column": 6
            },
            "end": {
              "line": 83,
              "column": 15
            }
          },
          {
            "start": {},
            "end": {}
          }
        ],
        "line": 82
      },
      "4": {
        "loc": {
          "start": {
            "line": 85,
            "column": 6
          },
          "end": {
            "line": 86,
            "column": 54
          }
        },
        "type": "if",
        "locations": [
          {
            "start": {
              "line": 85,
              "column": 6
            },
            "end": {
              "line": 86,
              "column": 54
            }
          },
          {
            "start": {},
            "end": {}
          }
        ],
        "line": 85
      }
    },
    "s": {
      "0": 4,
      "1": 4,
      "2": 0,
      "3": 4,
      "4": 4,
      "5": 4,
      "6": 4,
      "7": 4,
      "8": 4,
      "9": 4,
      "10": 4,
      "11": 4,
      "12": 4,
      "13": 4,
      "14": 4,
      "15": 0,
      "16": 0,
      "17": 0,
      "18": 0,
      "19": 0,
      "20": 0,
      "21": 0
    },
    "f": {
      "0": 4,
      "1": 4,
      "2": 0,
      "3": 0
    },
    "b": {
      "0": [4, 0],
      "1": [0, 4],
      "2": [4, 0],
      "3": [0, 0],
      "4": [0, 0]
    },
    "inputSourceMap": {
      "version": 3,
      "mappings": "AASI,mBAE6B,cAF7B;AATJ,OAAOA,oBAAe;AAAmB;AAAA;AAAA;AAAA;AAAA;AAAA;AAAA;AAAA;AAAA;AAAA;AAAA;AAAA;AAAA;AAAA;AAEzC,SAASC,QAAQC,aAAa;AAC9B,OAAOC,cAAc;AACrB,OAAOC,eAAe;AACtB,OAAOC,eAAe;AAEtB,SAASC,MAAM;AACb,SACE,mCACE,iCAAC,UACC;AAAA,2BAAC,SAAM,MAAK,KAAI,SAAS,uBAAC,cAAD;AAAA;AAAA;AAAA;AAAA,WAAS,KAAlC;AAAA;AAAA;AAAA;AAAA,WAAsC;AAAA,IACtC,uBAAC,SAAM,MAAK,SAAQ,SAAS,uBAAC,eAAD;AAAA;AAAA;AAAA;AAAA,WAAU,KAAvC;AAAA;AAAA;AAAA;AAAA,WAA2C;AAAA,IAC3C,uBAAC,SAAM,MAAK,UAAS,SAAS,uBAAC,eAAD;AAAA;AAAA;AAAA;AAAA,WAAU,KAAxC;AAAA;AAAA;AAAA;AAAA,WAA4C;AAAA,IAC5C,uBAAC,SAAM,MAAK,KAAI,SAAS,uBAAC,eAAD;AAAA;AAAA;AAAA;AAAA,WAAU,KAAnC;AAAA;AAAA;AAAA;AAAA,WAAuC;AAAA,OAJzC;AAAA;AAAA;AAAA;AAAA,SAKA,KANF;AAAA;AAAA;AAAA;AAAA,SAOA;AAEJ;AAACC,KAXQD;AAaT,eAAeA;AAAI;AAAAE",
      "names": [
        "ErrorPage",
        "Routes",
        "Route",
        "HomePage",
        "AboutPage",
        "UsersPage",
        "App",
        "_c",
        "$RefreshReg$"
      ],
      "sources": ["C:/RSSchool/react/src/App.tsx"],
      "file": "C:/RSSchool/react/src/App.tsx"
    },
    "_coverageSchema": "1a1c01bbd47fc00a2c39e90264f33305004495a9",
    "hash": "38c3d4968fcb6eba7b0ae0953801e72abea44d48"
  },
  "C:/RSSchool/react/src/store/reducers/index.ts": {
    "path": "C:/RSSchool/react/src/store/reducers/index.ts",
    "statementMap": {
      "0": {
        "start": {
          "line": 5,
          "column": 27
        },
        "end": {
          "line": 9,
          "column": 2
        }
      }
    },
    "fnMap": {},
    "branchMap": {},
    "s": {
      "0": 4
    },
    "f": {},
    "b": {},
    "inputSourceMap": {
      "version": 3,
      "sources": ["C:/RSSchool/react/src/store/reducers/index.ts"],
      "mappings": "AAAA,SAAS,uBAAuB;AAChC,OAAO,kBAAkB;AACzB,OAAO,kBAAkB;AACzB,OAAO,kBAAkB;AAElB,aAAM,cAAc,gBAAgB;AAAA,EACzC;AAAA,EACA;AAAA,EACA;AACF,CAAC;",
      "names": []
    },
    "_coverageSchema": "1a1c01bbd47fc00a2c39e90264f33305004495a9",
    "hash": "3f8f7c4dd26fe75e1b83b566b265d9cb6fab4a0f"
  },
  "C:/RSSchool/react/src/store/index.ts": {
    "path": "C:/RSSchool/react/src/store/index.ts",
    "statementMap": {
      "0": {
        "start": {
          "line": 3,
          "column": 26
        },
        "end": {
          "line": 9,
          "column": 1
        }
      },
      "1": {
        "start": {
          "line": 4,
          "column": 2
        },
        "end": {
          "line": 8,
          "column": 5
        }
      },
      "2": {
        "start": {
          "line": 6,
          "column": 42
        },
        "end": {
          "line": 6,
          "column": 92
        }
      }
    },
    "fnMap": {
      "0": {
        "name": "(anonymous_0)",
        "decl": {
          "start": {
            "line": 3,
            "column": 26
          },
          "end": {
            "line": 3,
            "column": 27
          }
        },
        "loc": {
          "start": {
            "line": 3,
            "column": 46
          },
          "end": {
            "line": 9,
            "column": 1
          }
        },
        "line": 3
      },
      "1": {
        "name": "(anonymous_1)",
        "decl": {
          "start": {
            "line": 6,
            "column": 16
          },
          "end": {
            "line": 6,
            "column": 17
          }
        },
        "loc": {
          "start": {
            "line": 6,
            "column": 42
          },
          "end": {
            "line": 6,
            "column": 92
          }
        },
        "line": 6
      }
    },
    "branchMap": {},
    "s": {
      "0": 4,
      "1": 4,
      "2": 4
    },
    "f": {
      "0": 4,
      "1": 4
    },
    "b": {},
    "inputSourceMap": {
      "version": 3,
      "sources": ["C:/RSSchool/react/src/store/index.ts"],
      "mappings": "AAAA,SAAS,sBAAsC;AAE/C,SAAS,mBAAmB;AAErB,aAAM,aAAa,CAAC,mBAA+C;AACxE,SAAO,eAAe;AAAA,IACpB,SAAS;AAAA,IACT,YAAY,CAAC,yBAAyB,qBAAqB,EAAE,mBAAmB,MAAM,CAAC;AAAA,IACvF;AAAA,EACF,CAAC;AACH;",
      "names": []
    },
    "_coverageSchema": "1a1c01bbd47fc00a2c39e90264f33305004495a9",
    "hash": "3243cb7e7032a21c7d22890861c3758051f377c3"
  },
  "C:/RSSchool/react/src/entry-client.tsx": {
    "path": "C:/RSSchool/react/src/entry-client.tsx",
    "statementMap": {
      "0": {
        "start": {
          "line": 7,
          "column": 14
        },
        "end": {
          "line": 7,
          "column": 52
        }
      },
      "1": {
        "start": {
          "line": 8,
          "column": 0
        },
        "end": {
          "line": 8,
          "column": 34
        }
      },
      "2": {
        "start": {
          "line": 9,
          "column": 0
        },
        "end": {
          "line": 21,
          "column": 10
        }
      }
    },
    "fnMap": {},
    "branchMap": {},
    "s": {
      "0": 4,
      "1": 4,
      "2": 4
    },
    "f": {},
    "b": {},
    "inputSourceMap": {
      "version": 3,
      "mappings": "AAsBM;AArBN,SAASA,mBAAmB;AAC5B,SAASC,gBAAgB;AACzB,SAASC,qBAAqB;AAG9B,OAAOC,SAAS;AAChB,SAASC,kBAAkB;AAQ3B,MAAMC,QAAQD,WAAWE,OAAOC,mBAAmB;AACnD,OAAOD,OAAOC;AAEdP,YACEQ,SAASC,eAAe,MAAM,GAC9B,uBAAC,YAAS,OACR,iCAAC,iBACC,iCAAC,SAAD;AAAA;AAAA;AAAA;AAAA,OAAI,KADN;AAAA;AAAA;AAAA;AAAA,OAEA,KAHF;AAAA;AAAA;AAAA;AAAA,OAIA,CAAW",
      "names": [
        "hydrateRoot",
        "Provider",
        "BrowserRouter",
        "App",
        "setupStore",
        "store",
        "window",
        "__PRELOADED_STATE__",
        "document",
        "getElementById"
      ],
      "sources": ["C:/RSSchool/react/src/entry-client.tsx"],
      "file": "C:/RSSchool/react/src/entry-client.tsx"
    },
    "_coverageSchema": "1a1c01bbd47fc00a2c39e90264f33305004495a9",
    "hash": "08337e41e0204db800209f621f1dd1c9187aa9a0"
  },
  "C:/RSSchool/react/src/mocks/heandler.ts": {
    "path": "C:/RSSchool/react/src/mocks/heandler.ts",
    "statementMap": {},
    "fnMap": {},
    "branchMap": {},
    "s": {},
    "f": {},
    "b": {}
  },
  "C:/RSSchool/react/src/mocks/server.ts": {
    "path": "C:/RSSchool/react/src/mocks/server.ts",
    "statementMap": {},
    "fnMap": {},
    "branchMap": {},
    "s": {},
    "f": {},
    "b": {}
  },
  "C:/RSSchool/react/src/entry-server.tsx": {
    "path": "C:/RSSchool/react/src/entry-server.tsx",
    "statementMap": {},
    "fnMap": {},
    "branchMap": {},
    "s": {},
    "f": {},
    "b": {}
  },
  "C:/RSSchool/react/src/types/Store.tsx": {
    "path": "C:/RSSchool/react/src/types/Store.tsx",
    "statementMap": {},
    "fnMap": {},
    "branchMap": {},
    "s": {},
    "f": {},
    "b": {}
  },
  "C:/RSSchool/react/src/types/types.tsx": {
    "path": "C:/RSSchool/react/src/types/types.tsx",
    "statementMap": {},
    "fnMap": {},
    "branchMap": {},
    "s": {},
    "f": {},
    "b": {}
  }
}
